Performing C SOURCE FILE Test CMAKE_HAVE_LIBC_PTHREAD failed with the following output:
Change Dir: /home/liqiang/Documents/FOG_DETECTION/fog_detection_c/build/CMakeFiles/CMakeTmp

Run Build Command(s):/usr/bin/make cmTC_12079/fast && /usr/bin/make  -f CMakeFiles/cmTC_12079.dir/build.make CMakeFiles/cmTC_12079.dir/build
make[1]: 进入目录“/home/liqiang/Documents/FOG_DETECTION/fog_detection_c/build/CMakeFiles/CMakeTmp”
Building C object CMakeFiles/cmTC_12079.dir/src.c.o
/usr/bin/gcc-7   -DCMAKE_HAVE_LIBC_PTHREAD   -o CMakeFiles/cmTC_12079.dir/src.c.o   -c /home/liqiang/Documents/FOG_DETECTION/fog_detection_c/build/CMakeFiles/CMakeTmp/src.c
Linking C executable cmTC_12079
/usr/local/bin/cmake -E cmake_link_script CMakeFiles/cmTC_12079.dir/link.txt --verbose=1
/usr/bin/gcc-7  -DCMAKE_HAVE_LIBC_PTHREAD    -rdynamic CMakeFiles/cmTC_12079.dir/src.c.o  -o cmTC_12079 
CMakeFiles/cmTC_12079.dir/src.c.o：在函数‘main’中：
src.c:(.text+0x3e)：对‘pthread_create’未定义的引用
src.c:(.text+0x4a)：对‘pthread_detach’未定义的引用
src.c:(.text+0x5b)：对‘pthread_join’未定义的引用
src.c:(.text+0x6f)：对‘pthread_atfork’未定义的引用
collect2: error: ld returned 1 exit status
CMakeFiles/cmTC_12079.dir/build.make:89: recipe for target 'cmTC_12079' failed
make[1]: *** [cmTC_12079] Error 1
make[1]: 离开目录“/home/liqiang/Documents/FOG_DETECTION/fog_detection_c/build/CMakeFiles/CMakeTmp”
Makefile:124: recipe for target 'cmTC_12079/fast' failed
make: *** [cmTC_12079/fast] Error 2


Source file was:
#include <pthread.h>

void* test_func(void* data)
{
  return data;
}

int main(void)
{
  pthread_t thread;
  pthread_create(&thread, NULL, test_func, NULL);
  pthread_detach(thread);
  pthread_join(thread, NULL);
  pthread_atfork(NULL, NULL, NULL);
  pthread_exit(NULL);

  return 0;
}

Determining if the function pthread_create exists in the pthreads failed with the following output:
Change Dir: /home/liqiang/Documents/FOG_DETECTION/fog_detection_c/build/CMakeFiles/CMakeTmp

Run Build Command(s):/usr/bin/make cmTC_d68b4/fast && /usr/bin/make  -f CMakeFiles/cmTC_d68b4.dir/build.make CMakeFiles/cmTC_d68b4.dir/build
make[1]: 进入目录“/home/liqiang/Documents/FOG_DETECTION/fog_detection_c/build/CMakeFiles/CMakeTmp”
Building C object CMakeFiles/cmTC_d68b4.dir/CheckFunctionExists.c.o
/usr/bin/gcc-7   -DCHECK_FUNCTION_EXISTS=pthread_create   -o CMakeFiles/cmTC_d68b4.dir/CheckFunctionExists.c.o   -c /usr/local/share/cmake-3.16/Modules/CheckFunctionExists.c
Linking C executable cmTC_d68b4
/usr/local/bin/cmake -E cmake_link_script CMakeFiles/cmTC_d68b4.dir/link.txt --verbose=1
/usr/bin/gcc-7  -DCHECK_FUNCTION_EXISTS=pthread_create    -rdynamic CMakeFiles/cmTC_d68b4.dir/CheckFunctionExists.c.o  -o cmTC_d68b4  -lpthreads 
/usr/bin/ld: 找不到 -lpthreads
collect2: error: ld returned 1 exit status
CMakeFiles/cmTC_d68b4.dir/build.make:89: recipe for target 'cmTC_d68b4' failed
make[1]: *** [cmTC_d68b4] Error 1
make[1]: 离开目录“/home/liqiang/Documents/FOG_DETECTION/fog_detection_c/build/CMakeFiles/CMakeTmp”
Makefile:124: recipe for target 'cmTC_d68b4/fast' failed
make: *** [cmTC_d68b4/fast] Error 2



